<?xml version="1.0" encoding="UTF-8"?>
<!-- Generated by org.testng.reporters.JUnitReportReporter -->
<testsuite hostname="DESKTOP-T8VVHJG" failures="0" tests="4" name="com.TestNG.partices.AnnotationTest3" time="0.009" errors="0" timestamp="2024-05-02T07:17:08 IST" skipped="0">
  <testcase classname="com.TestNG.partices.AnnotationTest3" name="test1" time="0.005"/>
  <system-out/>
  <testcase classname="com.TestNG.partices.AnnotationTest3" name="test2" time="0.001"/>
  <system-out/>
  <testcase classname="com.TestNG.partices.AnnotationTest3" name="test3" time="0.001"/>
  <system-out/>
  <testcase classname="com.TestNG.partices.AnnotationTest3" name="test4" time="0.002"/>
  <system-out/>
</testsuite> <!-- com.TestNG.partices.AnnotationTest3 -->
