<?xml version="1.0" encoding="UTF-8"?>
<!-- Generated by org.testng.reporters.JUnitReportReporter -->
<testsuite hostname="DESKTOP-T8VVHJG" failures="0" tests="1" name="com.TestNG.partices.AdminLogin" time="10.604" errors="0" timestamp="2024-05-02T06:54:11 IST" skipped="0">
  <testcase classname="com.TestNG.partices.AdminLogin" name="adminlogin" time="10.604"/>
  <system-out/>
</testsuite> <!-- com.TestNG.partices.AdminLogin -->
