<?xml version="1.0" encoding="UTF-8"?>
<!-- Generated by org.testng.reporters.JUnitReportReporter -->
<testsuite hostname="DESKTOP-T8VVHJG" failures="0" tests="4" name="com.TestNG.partices.AnnotationTest1" time="0.021" errors="0" timestamp="2024-05-01T07:42:26 IST" skipped="0">
  <testcase classname="com.TestNG.partices.AnnotationTest1" name="test1" time="0.002"/>
  <system-out/>
  <testcase classname="com.TestNG.partices.AnnotationTest1" name="test2" time="0.002"/>
  <system-out/>
  <testcase classname="com.TestNG.partices.AnnotationTest1" name="test4" time="0.014"/>
  <system-out/>
  <testcase classname="com.TestNG.partices.AnnotationTest1" name="test3" time="0.003"/>
  <system-out/>
</testsuite> <!-- com.TestNG.partices.AnnotationTest1 -->
