<?xml version="1.0" encoding="UTF-8"?>
<!-- Generated by org.testng.reporters.JUnitReportReporter -->
<testsuite hostname="DESKTOP-T8VVHJG" failures="0" tests="4" name="com.TestNG.partices.AnnotationTest" time="0.054" errors="0" timestamp="2024-05-01T07:42:26 IST" skipped="0">
  <testcase classname="com.TestNG.partices.AnnotationTest" name="test2" time="0.009"/>
  <system-out/>
  <testcase classname="com.TestNG.partices.AnnotationTest" name="test3" time="0.012"/>
  <system-out/>
  <testcase classname="com.TestNG.partices.AnnotationTest" name="test4" time="0.013"/>
  <system-out/>
  <testcase classname="com.TestNG.partices.AnnotationTest" name="test1" time="0.020"/>
  <system-out/>
</testsuite> <!-- com.TestNG.partices.AnnotationTest -->
