<?xml version="1.0" encoding="UTF-8"?>
<!-- Generated by org.testng.reporters.JUnitReportReporter -->
<testsuite hostname="DESKTOP-T8VVHJG" failures="0" tests="2" name="com.TestNG.partices.AddofTwoNumbers" time="0.077" errors="0" timestamp="2024-05-01T07:42:26 IST" skipped="0">
  <testcase classname="com.TestNG.partices.AddofTwoNumbers" name="AddTwonubmer" time="0.004"/>
  <system-out/>
  <testcase classname="com.TestNG.partices.AddofTwoNumbers" name="Multipication" time="0.073"/>
  <system-out/>
</testsuite> <!-- com.TestNG.partices.AddofTwoNumbers -->
