<?xml version="1.0" encoding="UTF-8"?>
<!-- Generated by org.testng.reporters.JUnitReportReporter -->
<testsuite hostname="DESKTOP-T8VVHJG" failures="0" tests="1" name="com.TestNG.partices.AdminLogin" time="16.994" errors="0" timestamp="2024-05-01T07:42:26 IST" skipped="0">
  <testcase classname="com.TestNG.partices.AdminLogin" name="adminlogin" time="16.994"/>
  <system-out/>
</testsuite> <!-- com.TestNG.partices.AdminLogin -->
