<?xml version="1.0" encoding="UTF-8"?>
<!-- Generated by org.testng.reporters.JUnitReportReporter -->
<testsuite hostname="DESKTOP-T8VVHJG" failures="0" tests="1" name="com.TestNG.partices.SampleTest" time="0.005" errors="0" timestamp="2024-05-02T06:54:11 IST" skipped="0">
  <testcase classname="com.TestNG.partices.SampleTest" name="sample" time="0.005"/>
  <system-out/>
</testsuite> <!-- com.TestNG.partices.SampleTest -->
