<?xml version="1.0" encoding="UTF-8"?>
<!-- Generated by org.testng.reporters.JUnitReportReporter -->
<testsuite hostname="DESKTOP-T8VVHJG" failures="0" tests="2" name="com.TestNG.partices.MultipleTestCase" time="0.016" errors="0" timestamp="2024-05-01T07:42:27 IST" skipped="0">
  <testcase classname="com.TestNG.partices.MultipleTestCase" name="OpenURL" time="0.009"/>
  <system-out/>
  <testcase classname="com.TestNG.partices.MultipleTestCase" name="OpenURL" time="0.007"/>
  <system-out/>
</testsuite> <!-- com.TestNG.partices.MultipleTestCase -->
